
> ohmwork-guide@0.1.0 build
> next build

Attention: Next.js now collects completely anonymous telemetry regarding usage.
This information is used to shape Next.js' roadmap and prioritize features.
You can learn more, including how to opt-out if you'd not like to participate in this anonymous program, by visiting the following URL:
https://nextjs.org/telemetry

   ▲ Next.js 15.4.5

   Creating an optimized production build ...
Failed to compile.

./app/components/ModuleTemplate.tsx
Module parse failed: Identifier 'ImagesStack' has already been declared (97:63)
File was processed with these loaders:
 * ./node_modules/next/dist/build/webpack/loaders/next-flight-client-module-loader.js
 * ./node_modules/next/dist/build/webpack/loaders/next-swc-loader.js
You may need an additional loader to handle the result of these loaders.
|     });
| };
> /** Right column: two stacked images with captions */ function ImagesStack({ images = [] }) {
|     const items = (Array.isArray(images) ? images : []).slice(0, 2);
|     if (items.length === 0) return null;

Import trace for requested module:
./app/components/ModuleTemplate.tsx
./app/modules/module-01/page.tsx


> Build failed because of webpack errors
